{
  "RSpec": {
    "coverage": {
      "/Users/leonskinner/Library/CloudStorage/OneDrive-BTPlc/Documents/Uni/DevCycle/Alpaca_Peruleon_Cafe/spec/controllers/admin/availability/ingredients_controller_spec.rb": {
        "lines": [
          null,
          null,
          1,
          null,
          1,
          4,
          1,
          4,
          4,
          4,
          3,
          null,
          1,
          3,
          null,
          null,
          1,
          2,
          null,
          1,
          1,
          1,
          null,
          null,
          null,
          1,
          3,
          null,
          1,
          2,
          1,
          1,
          1,
          null,
          null,
          null,
          1,
          2,
          1,
          1,
          1,
          null,
          null,
          null,
          null
        ]
      },
      "/Users/leonskinner/Library/CloudStorage/OneDrive-BTPlc/Documents/Uni/DevCycle/Alpaca_Peruleon_Cafe/spec/rails_helper.rb": {
        "lines": [
          null,
          null,
          null,
          1,
          1,
          1,
          null,
          1,
          1,
          null,
          null,
          null,
          null,
          null,
          null,
          null,
          null,
          null,
          null,
          null,
          null,
          null,
          null,
          null,
          null,
          null,
          null,
          null,
          null,
          1,
          null,
          0,
          null,
          1,
          1,
          1,
          null,
          1,
          null,
          1,
          1,
          null,
          null,
          null,
          null,
          1,
          null,
          null,
          null,
          null,
          null,
          null,
          null,
          null,
          null,
          null,
          null,
          null,
          null,
          null,
          null,
          null,
          null,
          1,
          null,
          null,
          1,
          null,
          null,
          null
        ]
      },
      "/Users/leonskinner/Library/CloudStorage/OneDrive-BTPlc/Documents/Uni/DevCycle/Alpaca_Peruleon_Cafe/spec/factories/categories_factory.rb": {
        "lines": [
          null,
          null,
          null,
          1,
          1,
          21,
          null,
          null,
          null
        ]
      },
      "/Users/leonskinner/Library/CloudStorage/OneDrive-BTPlc/Documents/Uni/DevCycle/Alpaca_Peruleon_Cafe/spec/factories/ingredient_factory.rb": {
        "lines": [
          null,
          null,
          1,
          1,
          4,
          4,
          null,
          null
        ]
      },
      "/Users/leonskinner/Library/CloudStorage/OneDrive-BTPlc/Documents/Uni/DevCycle/Alpaca_Peruleon_Cafe/spec/factories/ingredient_group_factory.rb": {
        "lines": [
          null,
          null,
          1,
          1,
          24,
          1,
          23,
          23,
          null,
          null,
          null
        ]
      },
      "/Users/leonskinner/Library/CloudStorage/OneDrive-BTPlc/Documents/Uni/DevCycle/Alpaca_Peruleon_Cafe/spec/factories/ingredient_stock_factory.rb": {
        "lines": [
          null,
          null,
          1,
          1,
          1,
          1,
          4,
          null,
          null
        ]
      },
      "/Users/leonskinner/Library/CloudStorage/OneDrive-BTPlc/Documents/Uni/DevCycle/Alpaca_Peruleon_Cafe/spec/factories/mqtt_log_factory.rb": {
        "lines": [
          null,
          null,
          1,
          null,
          1,
          1,
          11,
          11,
          11,
          null,
          null
        ]
      },
      "/Users/leonskinner/Library/CloudStorage/OneDrive-BTPlc/Documents/Uni/DevCycle/Alpaca_Peruleon_Cafe/spec/factories/order_factory.rb": {
        "lines": [
          null,
          null,
          1,
          1,
          24,
          15,
          46,
          null,
          null
        ]
      },
      "/Users/leonskinner/Library/CloudStorage/OneDrive-BTPlc/Documents/Uni/DevCycle/Alpaca_Peruleon_Cafe/spec/factories/order_items_factory.rb": {
        "lines": [
          null,
          null,
          1,
          null,
          1,
          1,
          2,
          6,
          15,
          null,
          null
        ]
      },
      "/Users/leonskinner/Library/CloudStorage/OneDrive-BTPlc/Documents/Uni/DevCycle/Alpaca_Peruleon_Cafe/spec/factories/product_stock_factory.rb": {
        "lines": [
          null,
          null,
          1,
          1,
          1,
          1,
          4,
          null,
          null
        ]
      },
      "/Users/leonskinner/Library/CloudStorage/OneDrive-BTPlc/Documents/Uni/DevCycle/Alpaca_Peruleon_Cafe/spec/factories/products_factory.rb": {
        "lines": [
          null,
          null,
          null,
          1,
          1,
          21,
          21,
          21,
          18,
          21,
          1,
          20,
          null,
          null,
          null
        ]
      },
      "/Users/leonskinner/Library/CloudStorage/OneDrive-BTPlc/Documents/Uni/DevCycle/Alpaca_Peruleon_Cafe/spec/factories/recipe_factory.rb": {
        "lines": [
          null,
          null,
          1,
          1,
          1,
          21,
          null,
          null
        ]
      },
      "/Users/leonskinner/Library/CloudStorage/OneDrive-BTPlc/Documents/Uni/DevCycle/Alpaca_Peruleon_Cafe/spec/factories/roles.rb": {
        "lines": [
          null,
          null,
          1,
          1,
          12,
          7,
          null,
          null
        ]
      },
      "/Users/leonskinner/Library/CloudStorage/OneDrive-BTPlc/Documents/Uni/DevCycle/Alpaca_Peruleon_Cafe/spec/factories/stores.rb": {
        "lines": [
          null,
          null,
          1,
          1,
          58,
          58,
          null,
          null
        ]
      },
      "/Users/leonskinner/Library/CloudStorage/OneDrive-BTPlc/Documents/Uni/DevCycle/Alpaca_Peruleon_Cafe/spec/factories/user_factory.rb": {
        "lines": [
          null,
          null,
          1,
          null,
          1,
          1,
          70,
          72,
          72,
          72,
          null,
          1,
          56,
          1,
          null,
          null,
          1,
          71,
          71,
          null,
          null,
          null
        ]
      },
      "/Users/leonskinner/Library/CloudStorage/OneDrive-BTPlc/Documents/Uni/DevCycle/Alpaca_Peruleon_Cafe/app/helpers/admin_helper.rb": {
        "lines": [
          null,
          null,
          1,
          null
        ]
      },
      "/Users/leonskinner/Library/CloudStorage/OneDrive-BTPlc/Documents/Uni/DevCycle/Alpaca_Peruleon_Cafe/app/helpers/admin/availability/ingredients_helper.rb": {
        "lines": [
          null,
          null,
          1,
          1,
          1,
          null,
          null,
          null
        ]
      },
      "/Users/leonskinner/Library/CloudStorage/OneDrive-BTPlc/Documents/Uni/DevCycle/Alpaca_Peruleon_Cafe/app/helpers/application_helper.rb": {
        "lines": [
          null,
          null,
          1,
          null
        ]
      },
      "/Users/leonskinner/Library/CloudStorage/OneDrive-BTPlc/Documents/Uni/DevCycle/Alpaca_Peruleon_Cafe/app/helpers/category_helper.rb": {
        "lines": [
          null,
          null,
          1,
          null
        ]
      },
      "/Users/leonskinner/Library/CloudStorage/OneDrive-BTPlc/Documents/Uni/DevCycle/Alpaca_Peruleon_Cafe/app/helpers/home_helper.rb": {
        "lines": [
          null,
          null,
          1,
          null
        ]
      },
      "/Users/leonskinner/Library/CloudStorage/OneDrive-BTPlc/Documents/Uni/DevCycle/Alpaca_Peruleon_Cafe/app/helpers/manage_helper.rb": {
        "lines": [
          null,
          null,
          1,
          null
        ]
      },
      "/Users/leonskinner/Library/CloudStorage/OneDrive-BTPlc/Documents/Uni/DevCycle/Alpaca_Peruleon_Cafe/app/helpers/order_items_helper.rb": {
        "lines": [
          null,
          null,
          1,
          null
        ]
      },
      "/Users/leonskinner/Library/CloudStorage/OneDrive-BTPlc/Documents/Uni/DevCycle/Alpaca_Peruleon_Cafe/app/helpers/orders_helper.rb": {
        "lines": [
          null,
          null,
          1,
          null
        ]
      },
      "/Users/leonskinner/Library/CloudStorage/OneDrive-BTPlc/Documents/Uni/DevCycle/Alpaca_Peruleon_Cafe/app/helpers/payment_helper.rb": {
        "lines": [
          null,
          null,
          1,
          null
        ]
      },
      "/Users/leonskinner/Library/CloudStorage/OneDrive-BTPlc/Documents/Uni/DevCycle/Alpaca_Peruleon_Cafe/app/helpers/payment_method_helper.rb": {
        "lines": [
          null,
          null,
          1,
          null
        ]
      },
      "/Users/leonskinner/Library/CloudStorage/OneDrive-BTPlc/Documents/Uni/DevCycle/Alpaca_Peruleon_Cafe/app/helpers/product_helper.rb": {
        "lines": [
          null,
          null,
          1,
          null
        ]
      },
      "/Users/leonskinner/Library/CloudStorage/OneDrive-BTPlc/Documents/Uni/DevCycle/Alpaca_Peruleon_Cafe/app/helpers/roles_helper.rb": {
        "lines": [
          null,
          null,
          1,
          null
        ]
      },
      "/Users/leonskinner/Library/CloudStorage/OneDrive-BTPlc/Documents/Uni/DevCycle/Alpaca_Peruleon_Cafe/app/helpers/store_helper.rb": {
        "lines": [
          null,
          null,
          1,
          null
        ]
      },
      "/Users/leonskinner/Library/CloudStorage/OneDrive-BTPlc/Documents/Uni/DevCycle/Alpaca_Peruleon_Cafe/app/helpers/stripe_webhooks_helper.rb": {
        "lines": [
          null,
          null,
          1,
          null
        ]
      },
      "/Users/leonskinner/Library/CloudStorage/OneDrive-BTPlc/Documents/Uni/DevCycle/Alpaca_Peruleon_Cafe/app/helpers/users_helper.rb": {
        "lines": [
          null,
          null,
          1,
          null
        ]
      },
      "/Users/leonskinner/Library/CloudStorage/OneDrive-BTPlc/Documents/Uni/DevCycle/Alpaca_Peruleon_Cafe/app/controllers/admin/availability/ingredients_controller.rb": {
        "lines": [
          null,
          null,
          1,
          1,
          1,
          1,
          1,
          1,
          null,
          1,
          2,
          null,
          null,
          1,
          2,
          2,
          2,
          2,
          null,
          2,
          2,
          null,
          null,
          1,
          null,
          1,
          3,
          null,
          null,
          1,
          3,
          null,
          null,
          null,
          null
        ]
      },
      "/Users/leonskinner/Library/CloudStorage/OneDrive-BTPlc/Documents/Uni/DevCycle/Alpaca_Peruleon_Cafe/app/controllers/application_controller.rb": {
        "lines": [
          null,
          null,
          1,
          1,
          null,
          1,
          1,
          null,
          null,
          1,
          37,
          null,
          null,
          null,
          null,
          null,
          null,
          null,
          null,
          null,
          null,
          null,
          null,
          null,
          null,
          null
        ]
      },
      "/Users/leonskinner/Library/CloudStorage/OneDrive-BTPlc/Documents/Uni/DevCycle/Alpaca_Peruleon_Cafe/spec/controllers/admin/availability/products_controller_spec.rb": {
        "lines": [
          null,
          null,
          1,
          null,
          1,
          4,
          4,
          4,
          4,
          3,
          4,
          null,
          1,
          3,
          null,
          null,
          1,
          2,
          null,
          1,
          1,
          1,
          null,
          null,
          null,
          1,
          3,
          null,
          1,
          2,
          1,
          1,
          1,
          null,
          null,
          null,
          1,
          2,
          1,
          1,
          1,
          null,
          null,
          null,
          null
        ]
      },
      "/Users/leonskinner/Library/CloudStorage/OneDrive-BTPlc/Documents/Uni/DevCycle/Alpaca_Peruleon_Cafe/app/controllers/admin/availability/products_controller.rb": {
        "lines": [
          null,
          null,
          1,
          1,
          1,
          1,
          1,
          1,
          null,
          1,
          2,
          null,
          null,
          1,
          2,
          2,
          2,
          2,
          null,
          2,
          2,
          null,
          null,
          1,
          null,
          1,
          3,
          3,
          null,
          null,
          1,
          3,
          null,
          null,
          null,
          null
        ]
      },
      "/Users/leonskinner/Library/CloudStorage/OneDrive-BTPlc/Documents/Uni/DevCycle/Alpaca_Peruleon_Cafe/spec/controllers/home_controller_spec.rb": {
        "lines": [
          null,
          null,
          1,
          null,
          1,
          1,
          1,
          1,
          1,
          1,
          1,
          null,
          null,
          null,
          1,
          1,
          1,
          1,
          1,
          null,
          null,
          null,
          null
        ]
      },
      "/Users/leonskinner/Library/CloudStorage/OneDrive-BTPlc/Documents/Uni/DevCycle/Alpaca_Peruleon_Cafe/app/controllers/home_controller.rb": {
        "lines": [
          null,
          null,
          1,
          null,
          1,
          null,
          1,
          2,
          null,
          1,
          null,
          null,
          1,
          0,
          null,
          null,
          1,
          null,
          1,
          0,
          null,
          0,
          null,
          null
        ]
      },
      "/Users/leonskinner/Library/CloudStorage/OneDrive-BTPlc/Documents/Uni/DevCycle/Alpaca_Peruleon_Cafe/spec/controllers/mqtt_log_controller_spec.rb": {
        "lines": [
          null,
          null,
          1,
          null,
          1,
          1,
          1,
          1,
          null,
          null,
          1,
          1,
          1,
          null,
          null,
          null
        ]
      },
      "/Users/leonskinner/Library/CloudStorage/OneDrive-BTPlc/Documents/Uni/DevCycle/Alpaca_Peruleon_Cafe/app/controllers/mqtt_log_controller.rb": {
        "lines": [
          null,
          null,
          1,
          1,
          1,
          null,
          null
        ]
      },
      "/Users/leonskinner/Library/CloudStorage/OneDrive-BTPlc/Documents/Uni/DevCycle/Alpaca_Peruleon_Cafe/spec/controllers/order_items_controller_spec.rb": {
        "lines": [
          null,
          null,
          1,
          null,
          1,
          1,
          2,
          2,
          null,
          1,
          1,
          1,
          null,
          null,
          null,
          2,
          2,
          null,
          1,
          1,
          1,
          null,
          null,
          null
        ]
      },
      "/Users/leonskinner/Library/CloudStorage/OneDrive-BTPlc/Documents/Uni/DevCycle/Alpaca_Peruleon_Cafe/app/controllers/order_items_controller.rb": {
        "lines": [
          null,
          null,
          1,
          1,
          1,
          1,
          1,
          null,
          null
        ]
      },
      "/Users/leonskinner/Library/CloudStorage/OneDrive-BTPlc/Documents/Uni/DevCycle/Alpaca_Peruleon_Cafe/spec/controllers/orders_controller_spec.rb": {
        "lines": [
          null,
          null,
          1,
          1,
          null,
          1,
          1,
          null,
          1,
          7,
          7,
          null,
          7,
          null,
          null,
          8,
          3,
          8,
          8,
          8,
          null,
          1,
          2,
          null,
          1,
          1,
          null,
          null,
          1,
          1,
          1,
          null,
          null,
          null,
          1,
          1,
          1,
          1,
          1,
          null,
          null,
          null,
          1,
          1,
          1,
          1,
          null,
          null,
          null,
          2,
          2,
          null,
          1,
          1,
          1,
          1,
          null,
          null,
          null,
          null,
          1,
          1,
          1,
          1,
          null,
          1,
          1,
          1,
          null,
          null,
          null,
          1,
          1,
          1,
          1,
          1,
          1,
          1,
          1,
          null,
          null,
          null,
          null,
          1,
          1,
          1,
          1,
          1,
          1,
          null,
          null,
          null,
          null,
          null,
          1,
          2,
          1,
          1,
          null,
          null,
          1,
          1,
          1,
          1,
          1,
          null,
          null,
          null,
          null
        ]
      },
      "/Users/leonskinner/Library/CloudStorage/OneDrive-BTPlc/Documents/Uni/DevCycle/Alpaca_Peruleon_Cafe/app/controllers/orders_controller.rb": {
        "lines": [
          null,
          null,
          1,
          1,
          1,
          null,
          1,
          1,
          1,
          null,
          null,
          1,
          2,
          2,
          2,
          null,
          null,
          null,
          1,
          0,
          null,
          null,
          1,
          1,
          1,
          1,
          1,
          1,
          null,
          null,
          1,
          2,
          2,
          2,
          2,
          2,
          2,
          2,
          null,
          null,
          1,
          1,
          1,
          1,
          1,
          null,
          null,
          1,
          0,
          0,
          0,
          0,
          null,
          null,
          1,
          null,
          1,
          2,
          null,
          null,
          1,
          2,
          null,
          null,
          1,
          2,
          1,
          1,
          0,
          null,
          null,
          null
        ]
      },
      "/Users/leonskinner/Library/CloudStorage/OneDrive-BTPlc/Documents/Uni/DevCycle/Alpaca_Peruleon_Cafe/spec/controllers/product_controller_spec.rb": {
        "lines": [
          null,
          null,
          1,
          null,
          1,
          1,
          1,
          3,
          3,
          null,
          3,
          null,
          null,
          4,
          4,
          4,
          3,
          3,
          4,
          null,
          1,
          1,
          1,
          1,
          null,
          null,
          null,
          1,
          1,
          1,
          1,
          null,
          1,
          1,
          null,
          null,
          null,
          1,
          1,
          1,
          null,
          1,
          1,
          null,
          null,
          null,
          null,
          null,
          null
        ]
      },
      "/Users/leonskinner/Library/CloudStorage/OneDrive-BTPlc/Documents/Uni/DevCycle/Alpaca_Peruleon_Cafe/app/controllers/product_controller.rb": {
        "lines": [
          null,
          null,
          1,
          1,
          1,
          1,
          null,
          null,
          null,
          1,
          0,
          null,
          null,
          1,
          0,
          null,
          null,
          1,
          0,
          0,
          0,
          0,
          null,
          0,
          null,
          null,
          null,
          1,
          3,
          3,
          3,
          3,
          null,
          null,
          1,
          0,
          0,
          0,
          null,
          null,
          1,
          null,
          1,
          3,
          3,
          null,
          null,
          null,
          1,
          3,
          null,
          null,
          1,
          0,
          null,
          null,
          1,
          3,
          null,
          null,
          1,
          0,
          null,
          null,
          1,
          0,
          null,
          null,
          1,
          0,
          0,
          null,
          null
        ]
      },
      "/Users/leonskinner/Library/CloudStorage/OneDrive-BTPlc/Documents/Uni/DevCycle/Alpaca_Peruleon_Cafe/spec/controllers/roles_controller_spec.rb": {
        "lines": [
          null,
          null,
          1,
          null,
          1,
          11,
          6,
          2,
          null,
          1,
          10,
          null,
          null,
          1,
          1,
          1,
          1,
          1,
          null,
          null,
          1,
          1,
          1,
          null,
          null,
          null,
          1,
          1,
          1,
          1,
          null,
          null,
          1,
          1,
          1,
          null,
          null,
          null,
          1,
          1,
          1,
          1,
          null,
          null,
          1,
          1,
          1,
          null,
          null,
          null,
          1,
          1,
          1,
          1,
          1,
          null,
          null,
          null,
          1,
          1,
          1,
          null,
          null,
          null,
          null,
          1,
          1,
          1,
          1,
          1,
          1,
          null,
          null,
          1,
          1,
          1,
          null,
          null,
          null,
          null
        ]
      },
      "/Users/leonskinner/Library/CloudStorage/OneDrive-BTPlc/Documents/Uni/DevCycle/Alpaca_Peruleon_Cafe/app/controllers/roles_controller.rb": {
        "lines": [
          null,
          null,
          1,
          1,
          1,
          null,
          1,
          2,
          null,
          null,
          1,
          2,
          null,
          null,
          1,
          2,
          null,
          null,
          1,
          2,
          2,
          2,
          null,
          0,
          null,
          null,
          null,
          1,
          2,
          2,
          2,
          null,
          0,
          null,
          null,
          null,
          1,
          null,
          1,
          4,
          null,
          null,
          1,
          4,
          null,
          null
        ]
      },
      "/Users/leonskinner/Library/CloudStorage/OneDrive-BTPlc/Documents/Uni/DevCycle/Alpaca_Peruleon_Cafe/spec/controllers/stripe_webhooks_controller_spec.rb": {
        "lines": [
          null,
          null,
          1,
          null,
          1,
          1,
          3,
          null,
          null,
          1,
          1,
          null,
          3,
          null,
          null,
          null,
          null,
          null,
          null,
          null,
          null,
          null,
          null,
          null,
          null,
          1,
          3,
          null,
          null,
          4,
          null,
          1,
          1,
          1,
          1,
          null,
          null,
          1,
          1,
          null,
          null,
          1,
          null,
          null,
          null,
          null,
          1,
          1,
          null,
          null,
          null,
          1,
          1,
          1,
          null,
          null,
          1,
          1,
          1,
          null,
          null,
          null,
          null
        ]
      },
      "/Users/leonskinner/Library/CloudStorage/OneDrive-BTPlc/Documents/Uni/DevCycle/Alpaca_Peruleon_Cafe/app/controllers/stripe_webhooks_controller.rb": {
        "lines": [
          null,
          null,
          1,
          1,
          1,
          null,
          1,
          3,
          2,
          null,
          1,
          null,
          null,
          null,
          1,
          null,
          1,
          3,
          null,
          null,
          1,
          0,
          0,
          0,
          null,
          null,
          0,
          0,
          0,
          0,
          null,
          null,
          null
        ]
      },
      "/Users/leonskinner/Library/CloudStorage/OneDrive-BTPlc/Documents/Uni/DevCycle/Alpaca_Peruleon_Cafe/spec/controllers/users_controller_spec.rb": {
        "lines": [
          null,
          null,
          1,
          null,
          1,
          1,
          5,
          null,
          1,
          1,
          3,
          3,
          null,
          null,
          1,
          1,
          null,
          null,
          1,
          1,
          null,
          null,
          1,
          1,
          null,
          null,
          null,
          1,
          1,
          1,
          1,
          null,
          null,
          null,
          null
        ]
      },
      "/Users/leonskinner/Library/CloudStorage/OneDrive-BTPlc/Documents/Uni/DevCycle/Alpaca_Peruleon_Cafe/app/controllers/users_controller.rb": {
        "lines": [
          null,
          null,
          1,
          1,
          null,
          null,
          1,
          0,
          null,
          null,
          1,
          0,
          null,
          null,
          1,
          3,
          null,
          null,
          1,
          0,
          0,
          0,
          0,
          0,
          0,
          null,
          0,
          null,
          null,
          1,
          null,
          1,
          0,
          null,
          null
        ]
      },
      "/Users/leonskinner/Library/CloudStorage/OneDrive-BTPlc/Documents/Uni/DevCycle/Alpaca_Peruleon_Cafe/spec/helpers/admin/availability/ingredients_helper_spec.rb": {
        "lines": [
          null,
          null,
          1,
          null,
          null,
          null,
          null,
          null,
          null,
          null,
          null,
          null,
          null,
          null,
          1,
          1,
          null
        ]
      },
      "/Users/leonskinner/Library/CloudStorage/OneDrive-BTPlc/Documents/Uni/DevCycle/Alpaca_Peruleon_Cafe/spec/helpers/payment_helper_spec.rb": {
        "lines": [
          null,
          null,
          1,
          null,
          null,
          null,
          null,
          null,
          null,
          null,
          null,
          null,
          null,
          null,
          1,
          1,
          null
        ]
      },
      "/Users/leonskinner/Library/CloudStorage/OneDrive-BTPlc/Documents/Uni/DevCycle/Alpaca_Peruleon_Cafe/spec/helpers/payment_method_helper_spec.rb": {
        "lines": [
          null,
          null,
          1,
          null,
          null,
          null,
          null,
          null,
          null,
          null,
          null,
          null,
          null,
          null,
          1,
          1,
          null
        ]
      },
      "/Users/leonskinner/Library/CloudStorage/OneDrive-BTPlc/Documents/Uni/DevCycle/Alpaca_Peruleon_Cafe/spec/helpers/roles_helper_spec.rb": {
        "lines": [
          null,
          null,
          1,
          null,
          null,
          null,
          null,
          null,
          null,
          null,
          null,
          null,
          null,
          null,
          1,
          1,
          null
        ]
      },
      "/Users/leonskinner/Library/CloudStorage/OneDrive-BTPlc/Documents/Uni/DevCycle/Alpaca_Peruleon_Cafe/spec/helpers/store_helper_spec.rb": {
        "lines": [
          null,
          null,
          1,
          null,
          null,
          null,
          null,
          null,
          null,
          null,
          null,
          null,
          null,
          null,
          1,
          1,
          null
        ]
      },
      "/Users/leonskinner/Library/CloudStorage/OneDrive-BTPlc/Documents/Uni/DevCycle/Alpaca_Peruleon_Cafe/spec/helpers/stripe_webhooks_helper_spec.rb": {
        "lines": [
          null,
          null,
          1,
          null,
          null,
          null,
          null,
          null,
          null,
          null,
          null,
          null,
          null,
          null,
          1,
          1,
          null
        ]
      },
      "/Users/leonskinner/Library/CloudStorage/OneDrive-BTPlc/Documents/Uni/DevCycle/Alpaca_Peruleon_Cafe/spec/mailers/order_mailer_spec.rb": {
        "lines": [
          null,
          null,
          1,
          null,
          1,
          1,
          null
        ]
      },
      "/Users/leonskinner/Library/CloudStorage/OneDrive-BTPlc/Documents/Uni/DevCycle/Alpaca_Peruleon_Cafe/app/mailers/order_mailer.rb": {
        "lines": [
          null,
          null,
          1,
          1,
          null,
          1,
          0,
          0,
          null,
          null,
          null,
          null,
          null,
          1,
          4,
          4,
          null,
          null,
          null,
          null,
          null,
          1,
          0,
          0,
          null,
          null,
          null,
          null,
          null
        ]
      },
      "/Users/leonskinner/Library/CloudStorage/OneDrive-BTPlc/Documents/Uni/DevCycle/Alpaca_Peruleon_Cafe/app/mailers/application_mailer.rb": {
        "lines": [
          null,
          null,
          1,
          1,
          1,
          1,
          null
        ]
      },
      "/Users/leonskinner/Library/CloudStorage/OneDrive-BTPlc/Documents/Uni/DevCycle/Alpaca_Peruleon_Cafe/app/models/user.rb": {
        "lines": [
          null,
          null,
          1,
          null,
          null,
          1,
          null,
          1,
          1,
          1,
          1,
          null,
          1,
          1,
          null,
          1,
          12,
          null,
          null,
          1,
          1,
          null,
          null,
          1,
          null,
          71,
          null,
          0,
          null,
          null,
          null,
          null,
          null,
          0,
          0,
          null,
          null,
          null,
          1,
          75,
          null,
          74,
          null,
          null,
          1,
          2,
          null,
          1,
          null,
          null
        ]
      },
      "/Users/leonskinner/Library/CloudStorage/OneDrive-BTPlc/Documents/Uni/DevCycle/Alpaca_Peruleon_Cafe/app/models/application_record.rb": {
        "lines": [
          null,
          null,
          1,
          1,
          null
        ]
      },
      "/Users/leonskinner/Library/CloudStorage/OneDrive-BTPlc/Documents/Uni/DevCycle/Alpaca_Peruleon_Cafe/spec/models/ingredient_stock_spec.rb": {
        "lines": [
          null,
          null,
          1,
          null,
          1,
          1,
          null
        ]
      },
      "/Users/leonskinner/Library/CloudStorage/OneDrive-BTPlc/Documents/Uni/DevCycle/Alpaca_Peruleon_Cafe/app/models/ingredient_stock.rb": {
        "lines": [
          null,
          null,
          1,
          1,
          1,
          1,
          null
        ]
      },
      "/Users/leonskinner/Library/CloudStorage/OneDrive-BTPlc/Documents/Uni/DevCycle/Alpaca_Peruleon_Cafe/spec/models/mqtt_log_spec.rb": {
        "lines": [
          null,
          null,
          1,
          null,
          1,
          1,
          2,
          2,
          null,
          1,
          1,
          1,
          1,
          null,
          null,
          null,
          2,
          null,
          1,
          1,
          1,
          null,
          null,
          null,
          null
        ]
      },
      "/Users/leonskinner/Library/CloudStorage/OneDrive-BTPlc/Documents/Uni/DevCycle/Alpaca_Peruleon_Cafe/app/models/mqtt_log.rb": {
        "lines": [
          null,
          null,
          1,
          1,
          null,
          1,
          3,
          null,
          null
        ]
      },
      "/Users/leonskinner/Library/CloudStorage/OneDrive-BTPlc/Documents/Uni/DevCycle/Alpaca_Peruleon_Cafe/spec/models/order_spec.rb": {
        "lines": [
          null,
          null,
          1,
          null,
          1,
          1,
          1,
          13,
          13,
          null,
          null,
          null,
          14,
          null,
          1,
          1,
          3,
          null,
          null,
          1,
          1,
          1,
          null,
          1,
          null,
          null,
          null,
          1,
          1,
          1,
          1,
          null,
          null,
          null,
          1,
          1,
          1,
          1,
          1,
          1,
          null,
          null,
          1,
          1,
          1,
          1,
          null,
          null,
          null,
          null,
          null,
          1,
          1,
          1,
          1,
          1,
          null,
          null,
          null,
          1,
          1,
          4,
          4,
          null,
          4,
          4,
          null,
          null,
          1,
          1,
          1,
          1,
          null,
          null,
          null,
          1,
          1,
          1,
          1,
          null,
          null,
          null,
          1,
          1,
          1,
          1,
          null,
          null,
          null,
          1,
          1,
          1,
          1,
          null,
          null,
          null,
          null,
          1,
          1,
          1,
          null,
          null,
          1,
          1,
          1,
          null,
          null,
          null,
          1,
          1,
          2,
          null,
          null,
          1,
          1,
          1,
          null,
          null,
          1,
          1,
          1,
          1,
          null,
          null,
          null,
          1,
          1,
          1,
          null,
          null,
          1,
          1,
          1,
          null,
          null,
          null,
          1,
          1,
          1,
          null,
          null,
          1,
          1,
          1,
          null,
          null,
          null,
          null
        ]
      },
      "/Users/leonskinner/Library/CloudStorage/OneDrive-BTPlc/Documents/Uni/DevCycle/Alpaca_Peruleon_Cafe/app/models/order.rb": {
        "lines": [
          null,
          null,
          1,
          1,
          1,
          null,
          1,
          1,
          1,
          null,
          1,
          null,
          1,
          1,
          1,
          null,
          1,
          1,
          null,
          null,
          1,
          1,
          1,
          9,
          null,
          null,
          null,
          1,
          1,
          1,
          1,
          null,
          null,
          null,
          1,
          1,
          1,
          5,
          5,
          5,
          null,
          null,
          null,
          1,
          1,
          null,
          null,
          1,
          1,
          1,
          2,
          1,
          null,
          null,
          null,
          null,
          1,
          1,
          null,
          null,
          1,
          1,
          null,
          null,
          null,
          1,
          21,
          null,
          null,
          1,
          9,
          null,
          null
        ]
      },
      "/Users/leonskinner/Library/CloudStorage/OneDrive-BTPlc/Documents/Uni/DevCycle/Alpaca_Peruleon_Cafe/app/models/concerns/trackable_metrics.rb": {
        "lines": [
          null,
          null,
          1,
          1,
          null,
          1,
          1,
          null,
          null,
          1,
          null,
          1,
          51,
          null,
          0,
          0,
          null,
          null,
          0,
          null,
          null,
          null
        ]
      },
      "/Users/leonskinner/Library/CloudStorage/OneDrive-BTPlc/Documents/Uni/DevCycle/Alpaca_Peruleon_Cafe/spec/models/payment_spec.rb": {
        "lines": [
          null,
          null,
          1,
          null,
          1,
          1,
          null
        ]
      },
      "/Users/leonskinner/Library/CloudStorage/OneDrive-BTPlc/Documents/Uni/DevCycle/Alpaca_Peruleon_Cafe/app/models/payment.rb": {
        "lines": [
          null,
          null,
          1,
          null
        ]
      },
      "/Users/leonskinner/Library/CloudStorage/OneDrive-BTPlc/Documents/Uni/DevCycle/Alpaca_Peruleon_Cafe/spec/models/store_spec.rb": {
        "lines": [
          null,
          null,
          1,
          null,
          1,
          1,
          null
        ]
      },
      "/Users/leonskinner/Library/CloudStorage/OneDrive-BTPlc/Documents/Uni/DevCycle/Alpaca_Peruleon_Cafe/app/models/store.rb": {
        "lines": [
          null,
          null,
          1,
          1,
          1,
          1,
          1,
          1,
          1,
          null
        ]
      },
      "/Users/leonskinner/Library/CloudStorage/OneDrive-BTPlc/Documents/Uni/DevCycle/Alpaca_Peruleon_Cafe/spec/models/user_spec.rb": {
        "lines": [
          null,
          null,
          1,
          null,
          1,
          7,
          null,
          1,
          6,
          null,
          null,
          1,
          1,
          2,
          null,
          1,
          1,
          null,
          null,
          null,
          1,
          2,
          null,
          1,
          1,
          1,
          1,
          null,
          null,
          null,
          null,
          null,
          null,
          null,
          null,
          null,
          null,
          null,
          1,
          3,
          null,
          1,
          1,
          4,
          1,
          null,
          null,
          null,
          1,
          2,
          null,
          1,
          4,
          null,
          null,
          null,
          null,
          1,
          3,
          null,
          1,
          2,
          null,
          1,
          4,
          1,
          null,
          null,
          null,
          1,
          1,
          4,
          null,
          null,
          null,
          null
        ]
      },
      "/Users/leonskinner/Library/CloudStorage/OneDrive-BTPlc/Documents/Uni/DevCycle/Alpaca_Peruleon_Cafe/spec/models/webhook_log_spec.rb": {
        "lines": [
          null,
          null,
          1,
          null,
          1,
          1,
          null
        ]
      },
      "/Users/leonskinner/Library/CloudStorage/OneDrive-BTPlc/Documents/Uni/DevCycle/Alpaca_Peruleon_Cafe/app/models/webhook_log.rb": {
        "lines": [
          null,
          null,
          1,
          null
        ]
      },
      "/Users/leonskinner/Library/CloudStorage/OneDrive-BTPlc/Documents/Uni/DevCycle/Alpaca_Peruleon_Cafe/spec/requests/admin/availability/ingredients_spec.rb": {
        "lines": [
          null,
          null,
          1,
          null,
          1,
          1,
          1,
          null,
          null
        ]
      },
      "/Users/leonskinner/Library/CloudStorage/OneDrive-BTPlc/Documents/Uni/DevCycle/Alpaca_Peruleon_Cafe/spec/requests/roles_spec.rb": {
        "lines": [
          null,
          null,
          1,
          null,
          1,
          1,
          1,
          null,
          null
        ]
      },
      "/Users/leonskinner/Library/CloudStorage/OneDrive-BTPlc/Documents/Uni/DevCycle/Alpaca_Peruleon_Cafe/spec/requests/stripe_webhooks_spec.rb": {
        "lines": [
          null,
          null,
          1,
          null,
          1,
          1,
          1,
          null,
          null
        ]
      },
      "/Users/leonskinner/Library/CloudStorage/OneDrive-BTPlc/Documents/Uni/DevCycle/Alpaca_Peruleon_Cafe/spec/services/historic_events_service_spec.rb": {
        "lines": [
          null,
          null,
          1,
          null,
          1,
          1,
          1,
          0,
          0,
          0,
          null,
          null,
          null,
          null
        ]
      },
      "/Users/leonskinner/Library/CloudStorage/OneDrive-BTPlc/Documents/Uni/DevCycle/Alpaca_Peruleon_Cafe/spec/services/mqtt_service_spec.rb": {
        "lines": [
          null,
          null,
          1,
          null,
          1,
          1,
          3,
          3,
          null,
          1,
          2,
          2,
          null,
          2,
          2,
          null,
          null,
          3,
          null,
          1,
          1,
          1,
          null,
          null,
          1,
          1,
          1,
          1,
          null,
          null,
          null
        ]
      },
      "/Users/leonskinner/Library/CloudStorage/OneDrive-BTPlc/Documents/Uni/DevCycle/Alpaca_Peruleon_Cafe/app/services/mqtt_service.rb": {
        "lines": [
          null,
          null,
          1,
          1,
          3,
          null,
          null,
          1,
          3,
          3,
          null,
          null
        ]
      },
      "/Users/leonskinner/Library/CloudStorage/OneDrive-BTPlc/Documents/Uni/DevCycle/Alpaca_Peruleon_Cafe/spec/services/print_receipt_service_spec.rb": {
        "lines": [
          null,
          null,
          1,
          null,
          1,
          1,
          2,
          null,
          1,
          1,
          1,
          null,
          1,
          1,
          null,
          null,
          2,
          2,
          2,
          2,
          null,
          1,
          1,
          null,
          1,
          null,
          null,
          null
        ]
      },
      "/Users/leonskinner/Library/CloudStorage/OneDrive-BTPlc/Documents/Uni/DevCycle/Alpaca_Peruleon_Cafe/app/services/print_receipt_service.rb": {
        "lines": [
          null,
          null,
          1,
          1,
          1,
          1,
          null,
          null,
          1,
          1,
          null,
          null,
          1,
          null,
          null,
          1,
          null,
          1,
          null,
          null,
          null,
          1,
          null,
          null,
          null,
          null,
          0,
          null,
          null,
          null,
          null,
          null,
          null,
          null,
          null,
          null,
          null,
          null,
          null,
          null,
          null,
          null
        ]
      },
      "/Users/leonskinner/Library/CloudStorage/OneDrive-BTPlc/Documents/Uni/DevCycle/Alpaca_Peruleon_Cafe/spec/services/stripe_paymentintent_service_spec.rb": {
        "lines": [
          null,
          null,
          null,
          1,
          null,
          1,
          1,
          2,
          2,
          null,
          null,
          null,
          3,
          3,
          3,
          3,
          3,
          null,
          1,
          1,
          1,
          1,
          null,
          1,
          null,
          1,
          null,
          null,
          null,
          null,
          null,
          null,
          null,
          null,
          null,
          1,
          null,
          null,
          null,
          1,
          2,
          null,
          1,
          1,
          1,
          null,
          1,
          null,
          1,
          null,
          null,
          null,
          null,
          null,
          null,
          null,
          1,
          null,
          null,
          null
        ]
      },
      "/Users/leonskinner/Library/CloudStorage/OneDrive-BTPlc/Documents/Uni/DevCycle/Alpaca_Peruleon_Cafe/app/services/stripe_paymentintent_service.rb": {
        "lines": [
          null,
          null,
          1,
          null,
          1,
          1,
          16,
          16,
          16,
          null,
          null,
          1,
          9,
          null,
          null,
          1,
          2,
          null,
          null,
          null,
          null,
          null,
          1,
          1,
          null,
          null,
          null,
          null,
          1,
          4,
          null,
          null,
          null,
          null,
          1,
          null,
          1,
          null,
          null,
          1,
          null,
          9,
          null,
          null,
          null,
          null,
          null,
          null,
          null,
          null,
          null,
          null,
          12,
          null,
          null,
          null,
          null,
          null,
          1,
          null,
          2,
          null,
          null,
          null,
          null,
          null
        ]
      },
      "/Users/leonskinner/Library/CloudStorage/OneDrive-BTPlc/Documents/Uni/DevCycle/Alpaca_Peruleon_Cafe/spec/services/stripe_webhooks_service_spec.rb": {
        "lines": [
          null,
          null,
          1,
          1,
          null,
          1,
          1,
          4,
          1,
          null,
          3,
          null,
          null,
          null,
          null,
          null,
          null,
          null,
          null,
          null,
          null,
          null,
          1,
          3,
          null,
          null,
          null,
          null,
          null,
          null,
          1,
          3,
          3,
          3,
          null,
          null,
          1,
          2,
          null,
          1,
          1,
          1,
          1,
          1,
          null,
          null,
          null,
          1,
          2,
          null,
          1,
          1,
          1,
          1,
          null,
          null,
          null,
          1,
          2,
          null,
          1,
          1,
          1,
          1,
          null,
          null,
          null,
          null
        ]
      },
      "/Users/leonskinner/Library/CloudStorage/OneDrive-BTPlc/Documents/Uni/DevCycle/Alpaca_Peruleon_Cafe/app/services/stripe_webhooks_service.rb": {
        "lines": [
          null,
          null,
          1,
          null,
          1,
          1,
          3,
          3,
          3,
          null,
          null,
          1,
          3,
          3,
          2,
          null,
          1,
          null,
          3,
          null,
          null,
          1,
          null,
          1,
          0,
          null,
          null,
          1,
          1,
          null,
          null,
          1,
          0,
          null,
          null,
          1,
          0,
          null,
          null,
          1,
          1,
          null,
          null,
          1,
          0,
          null,
          null,
          1,
          0,
          null,
          null,
          1,
          0,
          null,
          null,
          1,
          0,
          null,
          null,
          null,
          null,
          1,
          0,
          null,
          null,
          1,
          0,
          null,
          null
        ]
      },
      "/Users/leonskinner/Library/CloudStorage/OneDrive-BTPlc/Documents/Uni/DevCycle/Alpaca_Peruleon_Cafe/spec/views/menu/index.html.slim_spec.rb": {
        "lines": [
          null,
          null,
          1,
          null,
          1,
          1,
          null
        ]
      },
      "/Users/leonskinner/Library/CloudStorage/OneDrive-BTPlc/Documents/Uni/DevCycle/Alpaca_Peruleon_Cafe/spec/views/payment/create.html.slim_spec.rb": {
        "lines": [
          null,
          null,
          1,
          null,
          1,
          1,
          null
        ]
      },
      "/Users/leonskinner/Library/CloudStorage/OneDrive-BTPlc/Documents/Uni/DevCycle/Alpaca_Peruleon_Cafe/spec/views/store/index.html.slim_spec.rb": {
        "lines": [
          null,
          null,
          1,
          null,
          1,
          1,
          null
        ]
      },
      "/Users/leonskinner/Library/CloudStorage/OneDrive-BTPlc/Documents/Uni/DevCycle/Alpaca_Peruleon_Cafe/app/models/ingredient.rb": {
        "lines": [
          null,
          null,
          1,
          1,
          1,
          1,
          1,
          null
        ]
      },
      "/Users/leonskinner/Library/CloudStorage/OneDrive-BTPlc/Documents/Uni/DevCycle/Alpaca_Peruleon_Cafe/app/models/ingredient_group.rb": {
        "lines": [
          null,
          null,
          1,
          1,
          1,
          null
        ]
      },
      "/Users/leonskinner/Library/CloudStorage/OneDrive-BTPlc/Documents/Uni/DevCycle/Alpaca_Peruleon_Cafe/app/models/role.rb": {
        "lines": [
          null,
          null,
          1,
          1,
          1,
          null
        ]
      },
      "/Users/leonskinner/Library/CloudStorage/OneDrive-BTPlc/Documents/Uni/DevCycle/Alpaca_Peruleon_Cafe/app/models/user_role.rb": {
        "lines": [
          null,
          null,
          1,
          1,
          1,
          null
        ]
      },
      "/Users/leonskinner/Library/CloudStorage/OneDrive-BTPlc/Documents/Uni/DevCycle/Alpaca_Peruleon_Cafe/app/policies/admin/availability/ingredient_policy.rb": {
        "lines": [
          null,
          null,
          1,
          1,
          1,
          1,
          1,
          null,
          null,
          1,
          2,
          null,
          null,
          null,
          null
        ]
      },
      "/Users/leonskinner/Library/CloudStorage/OneDrive-BTPlc/Documents/Uni/DevCycle/Alpaca_Peruleon_Cafe/app/policies/application_policy.rb": {
        "lines": [
          null,
          null,
          null,
          1,
          null,
          null,
          null,
          null,
          null,
          null,
          null,
          null,
          null,
          null,
          null,
          null,
          null,
          null
        ]
      },
      "/Users/leonskinner/Library/CloudStorage/OneDrive-BTPlc/Documents/Uni/DevCycle/Alpaca_Peruleon_Cafe/app/models/category.rb": {
        "lines": [
          null,
          null,
          1,
          1,
          1,
          null
        ]
      },
      "/Users/leonskinner/Library/CloudStorage/OneDrive-BTPlc/Documents/Uni/DevCycle/Alpaca_Peruleon_Cafe/app/models/product.rb": {
        "lines": [
          null,
          null,
          1,
          1,
          1,
          1,
          1,
          1,
          1,
          1,
          1,
          1,
          null,
          1,
          20,
          null,
          null
        ]
      },
      "/Users/leonskinner/Library/CloudStorage/OneDrive-BTPlc/Documents/Uni/DevCycle/Alpaca_Peruleon_Cafe/app/models/recipe.rb": {
        "lines": [
          null,
          null,
          1,
          1,
          1,
          null
        ]
      },
      "/Users/leonskinner/Library/CloudStorage/OneDrive-BTPlc/Documents/Uni/DevCycle/Alpaca_Peruleon_Cafe/app/models/product_stock.rb": {
        "lines": [
          null,
          null,
          1,
          1,
          1,
          1,
          1,
          null
        ]
      },
      "/Users/leonskinner/Library/CloudStorage/OneDrive-BTPlc/Documents/Uni/DevCycle/Alpaca_Peruleon_Cafe/app/policies/admin/availability/product_policy.rb": {
        "lines": [
          null,
          null,
          1,
          1,
          1,
          1,
          1,
          null,
          null,
          1,
          2,
          null,
          null,
          null,
          null
        ]
      },
      "/Users/leonskinner/Library/CloudStorage/OneDrive-BTPlc/Documents/Uni/DevCycle/Alpaca_Peruleon_Cafe/app/models/order_item.rb": {
        "lines": [
          null,
          null,
          1,
          1,
          1,
          1,
          null
        ]
      },
      "/Users/leonskinner/Library/CloudStorage/OneDrive-BTPlc/Documents/Uni/DevCycle/Alpaca_Peruleon_Cafe/app/models/product_modifyer.rb": {
        "lines": [
          null,
          null,
          1,
          1,
          1,
          null
        ]
      },
      "/Users/leonskinner/Library/CloudStorage/OneDrive-BTPlc/Documents/Uni/DevCycle/Alpaca_Peruleon_Cafe/app/policies/order_policy.rb": {
        "lines": [
          null,
          null,
          1,
          1,
          1,
          null,
          null,
          1,
          2,
          null,
          null,
          1,
          1,
          null,
          null,
          1,
          2,
          null,
          null,
          1,
          0,
          null,
          null,
          1,
          0,
          null,
          null
        ]
      },
      "/Users/leonskinner/Library/CloudStorage/OneDrive-BTPlc/Documents/Uni/DevCycle/Alpaca_Peruleon_Cafe/app/services/customer_session_service.rb": {
        "lines": [
          null,
          null,
          1,
          null,
          1,
          1,
          2,
          null,
          null,
          null,
          1,
          2,
          null,
          null,
          null,
          null,
          null,
          null,
          null,
          null,
          null,
          null,
          null,
          null,
          null
        ]
      },
      "/Users/leonskinner/Library/CloudStorage/OneDrive-BTPlc/Documents/Uni/DevCycle/Alpaca_Peruleon_Cafe/app/services/stripe_payment_service.rb": {
        "lines": [
          null,
          null,
          1,
          1,
          14,
          14,
          null,
          null,
          1,
          9,
          1,
          null,
          8,
          null,
          null,
          null,
          1,
          8,
          8,
          8,
          null,
          null,
          1,
          1,
          1,
          null,
          null,
          1,
          5,
          5,
          null,
          null
        ]
      },
      "/Users/leonskinner/Library/CloudStorage/OneDrive-BTPlc/Documents/Uni/DevCycle/Alpaca_Peruleon_Cafe/app/policies/product_policy.rb": {
        "lines": [
          null,
          null,
          1,
          1,
          0,
          null,
          null,
          1,
          0,
          null,
          null,
          1,
          0,
          null,
          null,
          1,
          3,
          null,
          null,
          1,
          0,
          null,
          null
        ]
      },
      "/Users/leonskinner/Library/CloudStorage/OneDrive-BTPlc/Documents/Uni/DevCycle/Alpaca_Peruleon_Cafe/app/policies/role_policy.rb": {
        "lines": [
          null,
          null,
          1,
          1,
          2,
          null,
          null,
          1,
          2,
          null,
          null,
          1,
          2,
          null,
          null,
          1,
          2,
          null,
          null,
          1,
          0,
          null,
          null,
          1,
          2,
          null,
          null,
          1,
          0,
          null,
          null
        ]
      },
      "/Users/leonskinner/Library/CloudStorage/OneDrive-BTPlc/Documents/Uni/DevCycle/Alpaca_Peruleon_Cafe/app/services/google_retail_tag_service.rb": {
        "lines": [
          null,
          null,
          1,
          1,
          1,
          null,
          1,
          1,
          1,
          null,
          1,
          0,
          0,
          null,
          null,
          1,
          0,
          null,
          0,
          null,
          null,
          1,
          0,
          null,
          0,
          null,
          null,
          1,
          null,
          1,
          0,
          0,
          0,
          0,
          0,
          null,
          0,
          0,
          null,
          null,
          0,
          null,
          null,
          1,
          null,
          0,
          null,
          null,
          null,
          null,
          null,
          null,
          null,
          null,
          null,
          null,
          1,
          null,
          0,
          null,
          null,
          null,
          null,
          null,
          null,
          null,
          null,
          null,
          null,
          null,
          null,
          null,
          null,
          1,
          0,
          0,
          null,
          null,
          null,
          0,
          null,
          0,
          0,
          null,
          null,
          1,
          0,
          0,
          null,
          0,
          null,
          null,
          null
        ]
      }
    },
    "timestamp": 1751439630
  }
}
